<?xml version="1.0" encoding="UTF-8"?>
<testng-results skipped="0" failed="0" total="1" passed="1">
  <reporter-output>
  </reporter-output>
  <suite name="Suite" duration-ms="31" started-at="2016-08-04T05:19:25Z" finished-at="2016-08-04T05:19:25Z">
    <groups>
    </groups>
    <test name="Test" duration-ms="31" started-at="2016-08-04T05:19:25Z" finished-at="2016-08-04T05:19:25Z">
      <class name="packOne.exampleTest">
        <test-method status="PASS" signature="beforeMethod()[pri:0, instance:packOne.exampleTest@73035e27]" name="beforeMethod" is-config="true" duration-ms="16" started-at="2016-08-04T01:19:25Z" finished-at="2016-08-04T01:19:25Z">
          <reporter-output>
          </reporter-output>
        </test-method> <!-- beforeMethod -->
        <test-method status="PASS" signature="afterMethod()[pri:0, instance:packOne.exampleTest@73035e27]" name="afterMethod" is-config="true" duration-ms="0" started-at="2016-08-04T01:19:25Z" finished-at="2016-08-04T01:19:25Z">
          <reporter-output>
          </reporter-output>
        </test-method> <!-- afterMethod -->
        <test-method status="PASS" signature="testMEthod()[pri:0, instance:packOne.exampleTest@73035e27]" name="testMEthod" duration-ms="0" started-at="2016-08-04T01:19:25Z" finished-at="2016-08-04T01:19:25Z">
          <reporter-output>
          </reporter-output>
        </test-method> <!-- testMEthod -->
      </class> <!-- packOne.exampleTest -->
    </test> <!-- Test -->
  </suite> <!-- Suite -->
</testng-results>
